<?xml version="1.0" encoding="UTF-8"?>
<testsuite xmlns:xsi="http://www.w3.org/2001/XMLSchema-instance" xsi:noNamespaceSchemaLocation="https://maven.apache.org/surefire/maven-surefire-plugin/xsd/surefire-test-report-3.0.xsd" version="3.0" name="com.sbouhaddi.RpnCalculatorResourceTest" time="13.879" tests="1" errors="0" skipped="0" failures="0">
  <properties>
    <property name="java.specification.version" value="17"/>
    <property name="sun.jnu.encoding" value="UTF-8"/>
    <property name="test.url" value="http://localhost:8081"/>
    <property name="java.class.path" value="/Users/bouhaddisabri/Work/rpn-calculator-quarkus/target/test-classes:/Users/bouhaddisabri/Work/rpn-calculator-quarkus/target/classes:/Users/bouhaddisabri/.m2/repository/io/quarkus/quarkus-hibernate-orm/2.14.3.Final/quarkus-hibernate-orm-2.14.3.Final.jar:/Users/bouhaddisabri/.m2/repository/io/quarkus/quarkus-core/2.14.3.Final/quarkus-core-2.14.3.Final.jar:/Users/bouhaddisabri/.m2/repository/jakarta/inject/jakarta.inject-api/1.0/jakarta.inject-api-1.0.jar:/Users/bouhaddisabri/.m2/repository/io/quarkus/quarkus-ide-launcher/2.14.3.Final/quarkus-ide-launcher-2.14.3.Final.jar:/Users/bouhaddisabri/.m2/repository/io/quarkus/quarkus-development-mode-spi/2.14.3.Final/quarkus-development-mode-spi-2.14.3.Final.jar:/Users/bouhaddisabri/.m2/repository/io/smallrye/config/smallrye-config/2.12.1/smallrye-config-2.12.1.jar:/Users/bouhaddisabri/.m2/repository/io/smallrye/config/smallrye-config-core/2.12.1/smallrye-config-core-2.12.1.jar:/Users/bouhaddisabri/.m2/repository/io/smallrye/common/smallrye-common-expression/1.13.2/smallrye-common-expression-1.13.2.jar:/Users/bouhaddisabri/.m2/repository/io/smallrye/common/smallrye-common-function/1.13.2/smallrye-common-function-1.13.2.jar:/Users/bouhaddisabri/.m2/repository/io/smallrye/common/smallrye-common-classloader/1.13.2/smallrye-common-classloader-1.13.2.jar:/Users/bouhaddisabri/.m2/repository/io/smallrye/config/smallrye-config-common/2.12.1/smallrye-config-common-2.12.1.jar:/Users/bouhaddisabri/.m2/repository/org/jboss/logging/jboss-logging/3.5.0.Final/jboss-logging-3.5.0.Final.jar:/Users/bouhaddisabri/.m2/repository/org/jboss/logmanager/jboss-logmanager-embedded/1.0.11/jboss-logmanager-embedded-1.0.11.jar:/Users/bouhaddisabri/.m2/repository/org/jboss/logging/jboss-logging-annotations/2.2.1.Final/jboss-logging-annotations-2.2.1.Final.jar:/Users/bouhaddisabri/.m2/repository/org/jboss/threads/jboss-threads/3.4.3.Final/jboss-threads-3.4.3.Final.jar:/Users/bouhaddisabri/.m2/repository/org/slf4j/slf4j-api/1.7.36/slf4j-api-1.7.36.jar:/Users/bouhaddisabri/.m2/repository/org/jboss/slf4j/slf4j-jboss-logmanager/1.2.0.Final/slf4j-jboss-logmanager-1.2.0.Final.jar:/Users/bouhaddisabri/.m2/repository/org/graalvm/sdk/graal-sdk/22.3.0/graal-sdk-22.3.0.jar:/Users/bouhaddisabri/.m2/repository/org/wildfly/common/wildfly-common/1.5.4.Final-format-001/wildfly-common-1.5.4.Final-format-001.jar:/Users/bouhaddisabri/.m2/repository/io/quarkus/quarkus-bootstrap-runner/2.14.3.Final/quarkus-bootstrap-runner-2.14.3.Final.jar:/Users/bouhaddisabri/.m2/repository/io/quarkus/quarkus-fs-util/0.0.9/quarkus-fs-util-0.0.9.jar:/Users/bouhaddisabri/.m2/repository/io/quarkus/quarkus-narayana-jta/2.14.3.Final/quarkus-narayana-jta-2.14.3.Final.jar:/Users/bouhaddisabri/.m2/repository/io/quarkus/quarkus-transaction-annotations/2.14.3.Final/quarkus-transaction-annotations-2.14.3.Final.jar:/Users/bouhaddisabri/.m2/repository/io/smallrye/smallrye-context-propagation-jta/1.2.2/smallrye-context-propagation-jta-1.2.2.jar:/Users/bouhaddisabri/.m2/repository/io/smallrye/reactive/smallrye-reactive-converter-api/2.7.0/smallrye-reactive-converter-api-2.7.0.jar:/Users/bouhaddisabri/.m2/repository/org/reactivestreams/reactive-streams/1.0.3/reactive-streams-1.0.3.jar:/Users/bouhaddisabri/.m2/repository/io/smallrye/reactive/smallrye-reactive-converter-mutiny/2.7.0/smallrye-reactive-converter-mutiny-2.7.0.jar:/Users/bouhaddisabri/.m2/repository/org/jboss/narayana/jta/narayana-jta/5.13.1.Final/narayana-jta-5.13.1.Final.jar:/Users/bouhaddisabri/.m2/repository/org/jboss/spec/javax/resource/jboss-connector-api_1.7_spec/1.0.0.Final/jboss-connector-api_1.7_spec-1.0.0.Final.jar:/Users/bouhaddisabri/.m2/repository/org/jboss/narayana/jts/narayana-jts-integration/5.13.1.Final/narayana-jts-integration-5.13.1.Final.jar:/Users/bouhaddisabri/.m2/repository/org/hibernate/hibernate-core/5.6.14.Final/hibernate-core-5.6.14.Final.jar:/Users/bouhaddisabri/.m2/repository/antlr/antlr/2.7.7/antlr-2.7.7.jar:/Users/bouhaddisabri/.m2/repository/com/fasterxml/classmate/1.5.1/classmate-1.5.1.jar:/Users/bouhaddisabri/.m2/repository/org/hibernate/common/hibernate-commons-annotations/5.1.2.Final/hibernate-commons-annotations-5.1.2.Final.jar:/Users/bouhaddisabri/.m2/repository/org/hibernate/hibernate-graalvm/5.6.14.Final/hibernate-graalvm-5.6.14.Final.jar:/Users/bouhaddisabri/.m2/repository/org/glassfish/jaxb/jaxb-runtime/2.3.3-b02/jaxb-runtime-2.3.3-b02.jar:/Users/bouhaddisabri/.m2/repository/org/glassfish/jaxb/txw2/2.3.3-b02/txw2-2.3.3-b02.jar:/Users/bouhaddisabri/.m2/repository/com/sun/istack/istack-commons-runtime/3.0.10/istack-commons-runtime-3.0.10.jar:/Users/bouhaddisabri/.m2/repository/com/sun/activation/jakarta.activation/1.2.1/jakarta.activation-1.2.1.jar:/Users/bouhaddisabri/.m2/repository/org/jboss/spec/javax/xml/bind/jboss-jaxb-api_2.3_spec/2.0.0.Final/jboss-jaxb-api_2.3_spec-2.0.0.Final.jar:/Users/bouhaddisabri/.m2/repository/jakarta/persistence/jakarta.persistence-api/2.2.3/jakarta.persistence-api-2.2.3.jar:/Users/bouhaddisabri/.m2/repository/jakarta/transaction/jakarta.transaction-api/1.3.3/jakarta.transaction-api-1.3.3.jar:/Users/bouhaddisabri/.m2/repository/org/hibernate/quarkus-local-cache/0.1.1/quarkus-local-cache-0.1.1.jar:/Users/bouhaddisabri/.m2/repository/io/quarkus/quarkus-caffeine/2.14.3.Final/quarkus-caffeine-2.14.3.Final.jar:/Users/bouhaddisabri/.m2/repository/com/github/ben-manes/caffeine/caffeine/3.1.1/caffeine-3.1.1.jar:/Users/bouhaddisabri/.m2/repository/com/google/errorprone/error_prone_annotations/2.16/error_prone_annotations-2.16.jar:/Users/bouhaddisabri/.m2/repository/io/quarkus/quarkus-jdbc-h2/2.14.3.Final/quarkus-jdbc-h2-2.14.3.Final.jar:/Users/bouhaddisabri/.m2/repository/com/h2database/h2/2.1.214/h2-2.1.214.jar:/Users/bouhaddisabri/.m2/repository/org/locationtech/jts/jts-core/1.17.0/jts-core-1.17.0.jar:/Users/bouhaddisabri/.m2/repository/io/quarkus/quarkus-hibernate-validator/2.14.3.Final/quarkus-hibernate-validator-2.14.3.Final.jar:/Users/bouhaddisabri/.m2/repository/org/hibernate/validator/hibernate-validator/6.2.5.Final/hibernate-validator-6.2.5.Final.jar:/Users/bouhaddisabri/.m2/repository/jakarta/validation/jakarta.validation-api/2.0.2/jakarta.validation-api-2.0.2.jar:/Users/bouhaddisabri/.m2/repository/org/glassfish/jakarta.el/3.0.4/jakarta.el-3.0.4.jar:/Users/bouhaddisabri/.m2/repository/io/smallrye/config/smallrye-config-validator/2.12.1/smallrye-config-validator-2.12.1.jar:/Users/bouhaddisabri/.m2/repository/org/jboss/spec/javax/ws/rs/jboss-jaxrs-api_2.1_spec/2.0.1.Final/jboss-jaxrs-api_2.1_spec-2.0.1.Final.jar:/Users/bouhaddisabri/.m2/repository/io/quarkus/quarkus-resteasy/2.14.3.Final/quarkus-resteasy-2.14.3.Final.jar:/Users/bouhaddisabri/.m2/repository/io/quarkus/quarkus-vertx-http/2.14.3.Final/quarkus-vertx-http-2.14.3.Final.jar:/Users/bouhaddisabri/.m2/repository/io/quarkus/quarkus-security-runtime-spi/2.14.3.Final/quarkus-security-runtime-spi-2.14.3.Final.jar:/Users/bouhaddisabri/.m2/repository/io/quarkus/quarkus-vertx-http-dev-console-runtime-spi/2.14.3.Final/quarkus-vertx-http-dev-console-runtime-spi-2.14.3.Final.jar:/Users/bouhaddisabri/.m2/repository/io/smallrye/reactive/smallrye-mutiny-vertx-web/2.27.0/smallrye-mutiny-vertx-web-2.27.0.jar:/Users/bouhaddisabri/.m2/repository/io/smallrye/reactive/smallrye-mutiny-vertx-web-common/2.27.0/smallrye-mutiny-vertx-web-common-2.27.0.jar:/Users/bouhaddisabri/.m2/repository/io/smallrye/reactive/smallrye-mutiny-vertx-auth-common/2.27.0/smallrye-mutiny-vertx-auth-common-2.27.0.jar:/Users/bouhaddisabri/.m2/repository/io/smallrye/reactive/smallrye-mutiny-vertx-bridge-common/2.27.0/smallrye-mutiny-vertx-bridge-common-2.27.0.jar:/Users/bouhaddisabri/.m2/repository/io/smallrye/reactive/smallrye-mutiny-vertx-uri-template/2.27.0/smallrye-mutiny-vertx-uri-template-2.27.0.jar:/Users/bouhaddisabri/.m2/repository/io/vertx/vertx-uri-template/4.3.4/vertx-uri-template-4.3.4.jar:/Users/bouhaddisabri/.m2/repository/io/vertx/vertx-web/4.3.4/vertx-web-4.3.4.jar:/Users/bouhaddisabri/.m2/repository/io/vertx/vertx-web-common/4.3.4/vertx-web-common-4.3.4.jar:/Users/bouhaddisabri/.m2/repository/io/vertx/vertx-auth-common/4.3.4/vertx-auth-common-4.3.4.jar:/Users/bouhaddisabri/.m2/repository/io/vertx/vertx-bridge-common/4.3.4/vertx-bridge-common-4.3.4.jar:/Users/bouhaddisabri/.m2/repository/io/github/crac/org-crac/0.1.1/org-crac-0.1.1.jar:/Users/bouhaddisabri/.m2/repository/io/quarkus/quarkus-resteasy-server-common/2.14.3.Final/quarkus-resteasy-server-common-2.14.3.Final.jar:/Users/bouhaddisabri/.m2/repository/io/quarkus/quarkus-resteasy-common/2.14.3.Final/quarkus-resteasy-common-2.14.3.Final.jar:/Users/bouhaddisabri/.m2/repository/org/jboss/resteasy/resteasy-core/4.7.7.Final/resteasy-core-4.7.7.Final.jar:/Users/bouhaddisabri/.m2/repository/org/jboss/resteasy/resteasy-core-spi/4.7.7.Final/resteasy-core-spi-4.7.7.Final.jar:/Users/bouhaddisabri/.m2/repository/com/ibm/async/asyncutil/0.1.0/asyncutil-0.1.0.jar:/Users/bouhaddisabri/.m2/repository/io/quarkus/quarkus-agroal/2.14.3.Final/quarkus-agroal-2.14.3.Final.jar:/Users/bouhaddisabri/.m2/repository/io/quarkus/quarkus-datasource/2.14.3.Final/quarkus-datasource-2.14.3.Final.jar:/Users/bouhaddisabri/.m2/repository/io/quarkus/quarkus-datasource-common/2.14.3.Final/quarkus-datasource-common-2.14.3.Final.jar:/Users/bouhaddisabri/.m2/repository/io/agroal/agroal-api/1.16/agroal-api-1.16.jar:/Users/bouhaddisabri/.m2/repository/io/agroal/agroal-narayana/1.16/agroal-narayana-1.16.jar:/Users/bouhaddisabri/.m2/repository/org/jboss/jboss-transaction-spi/7.6.0.Final/jboss-transaction-spi-7.6.0.Final.jar:/Users/bouhaddisabri/.m2/repository/io/agroal/agroal-pool/1.16/agroal-pool-1.16.jar:/Users/bouhaddisabri/.m2/repository/io/quarkus/quarkus-credentials/2.14.3.Final/quarkus-credentials-2.14.3.Final.jar:/Users/bouhaddisabri/.m2/repository/io/quarkus/quarkus-arc/2.14.3.Final/quarkus-arc-2.14.3.Final.jar:/Users/bouhaddisabri/.m2/repository/io/quarkus/arc/arc/2.14.3.Final/arc-2.14.3.Final.jar:/Users/bouhaddisabri/.m2/repository/io/smallrye/reactive/mutiny/1.8.0/mutiny-1.8.0.jar:/Users/bouhaddisabri/.m2/repository/org/eclipse/microprofile/context-propagation/microprofile-context-propagation-api/1.2/microprofile-context-propagation-api-1.2.jar:/Users/bouhaddisabri/.m2/repository/io/quarkus/quarkus-smallrye-openapi/2.14.3.Final/quarkus-smallrye-openapi-2.14.3.Final.jar:/Users/bouhaddisabri/.m2/repository/io/smallrye/smallrye-open-api-core/2.3.1/smallrye-open-api-core-2.3.1.jar:/Users/bouhaddisabri/.m2/repository/org/eclipse/microprofile/openapi/microprofile-openapi-api/2.0.1/microprofile-openapi-api-2.0.1.jar:/Users/bouhaddisabri/.m2/repository/org/eclipse/microprofile/config/microprofile-config-api/2.0.1/microprofile-config-api-2.0.1.jar:/Users/bouhaddisabri/.m2/repository/com/fasterxml/jackson/core/jackson-core/2.13.4/jackson-core-2.13.4.jar:/Users/bouhaddisabri/.m2/repository/com/fasterxml/jackson/core/jackson-databind/2.13.4.2/jackson-databind-2.13.4.2.jar:/Users/bouhaddisabri/.m2/repository/com/fasterxml/jackson/core/jackson-annotations/2.13.4/jackson-annotations-2.13.4.jar:/Users/bouhaddisabri/.m2/repository/com/fasterxml/jackson/dataformat/jackson-dataformat-yaml/2.13.4/jackson-dataformat-yaml-2.13.4.jar:/Users/bouhaddisabri/.m2/repository/org/yaml/snakeyaml/1.33/snakeyaml-1.33.jar:/Users/bouhaddisabri/.m2/repository/io/smallrye/jandex/3.0.5/jandex-3.0.5.jar:/Users/bouhaddisabri/.m2/repository/io/quarkus/quarkus-swagger-ui/2.14.3.Final/quarkus-swagger-ui-2.14.3.Final.jar:/Users/bouhaddisabri/.m2/repository/io/quarkus/quarkus-vertx/2.14.3.Final/quarkus-vertx-2.14.3.Final.jar:/Users/bouhaddisabri/.m2/repository/io/quarkus/quarkus-netty/2.14.3.Final/quarkus-netty-2.14.3.Final.jar:/Users/bouhaddisabri/.m2/repository/io/netty/netty-codec/4.1.82.Final/netty-codec-4.1.82.Final.jar:/Users/bouhaddisabri/.m2/repository/io/netty/netty-common/4.1.82.Final/netty-common-4.1.82.Final.jar:/Users/bouhaddisabri/.m2/repository/io/netty/netty-codec-http/4.1.82.Final/netty-codec-http-4.1.82.Final.jar:/Users/bouhaddisabri/.m2/repository/io/netty/netty-codec-http2/4.1.82.Final/netty-codec-http2-4.1.82.Final.jar:/Users/bouhaddisabri/.m2/repository/io/netty/netty-handler/4.1.82.Final/netty-handler-4.1.82.Final.jar:/Users/bouhaddisabri/.m2/repository/io/netty/netty-resolver/4.1.82.Final/netty-resolver-4.1.82.Final.jar:/Users/bouhaddisabri/.m2/repository/io/netty/netty-transport-native-unix-common/4.1.82.Final/netty-transport-native-unix-common-4.1.82.Final.jar:/Users/bouhaddisabri/.m2/repository/com/aayushatharva/brotli4j/brotli4j/1.8.0/brotli4j-1.8.0.jar:/Users/bouhaddisabri/.m2/repository/com/aayushatharva/brotli4j/native-osx-x86_64/1.8.0/native-osx-x86_64-1.8.0.jar:/Users/bouhaddisabri/.m2/repository/io/netty/netty-codec-haproxy/4.1.82.Final/netty-codec-haproxy-4.1.82.Final.jar:/Users/bouhaddisabri/.m2/repository/io/netty/netty-buffer/4.1.82.Final/netty-buffer-4.1.82.Final.jar:/Users/bouhaddisabri/.m2/repository/io/netty/netty-transport/4.1.82.Final/netty-transport-4.1.82.Final.jar:/Users/bouhaddisabri/.m2/repository/io/smallrye/common/smallrye-common-annotation/1.13.2/smallrye-common-annotation-1.13.2.jar:/Users/bouhaddisabri/.m2/repository/io/smallrye/common/smallrye-common-vertx-context/1.13.2/smallrye-common-vertx-context-1.13.2.jar:/Users/bouhaddisabri/.m2/repository/io/vertx/vertx-core/4.3.4/vertx-core-4.3.4.jar:/Users/bouhaddisabri/.m2/repository/io/netty/netty-handler-proxy/4.1.82.Final/netty-handler-proxy-4.1.82.Final.jar:/Users/bouhaddisabri/.m2/repository/io/netty/netty-codec-socks/4.1.82.Final/netty-codec-socks-4.1.82.Final.jar:/Users/bouhaddisabri/.m2/repository/io/netty/netty-resolver-dns/4.1.82.Final/netty-resolver-dns-4.1.82.Final.jar:/Users/bouhaddisabri/.m2/repository/io/netty/netty-codec-dns/4.1.82.Final/netty-codec-dns-4.1.82.Final.jar:/Users/bouhaddisabri/.m2/repository/io/smallrye/common/smallrye-common-constraint/1.13.2/smallrye-common-constraint-1.13.2.jar:/Users/bouhaddisabri/.m2/repository/io/quarkus/quarkus-mutiny/2.14.3.Final/quarkus-mutiny-2.14.3.Final.jar:/Users/bouhaddisabri/.m2/repository/io/quarkus/quarkus-smallrye-context-propagation/2.14.3.Final/quarkus-smallrye-context-propagation-2.14.3.Final.jar:/Users/bouhaddisabri/.m2/repository/io/smallrye/smallrye-context-propagation/1.2.2/smallrye-context-propagation-1.2.2.jar:/Users/bouhaddisabri/.m2/repository/io/smallrye/smallrye-context-propagation-api/1.2.2/smallrye-context-propagation-api-1.2.2.jar:/Users/bouhaddisabri/.m2/repository/io/smallrye/smallrye-context-propagation-storage/1.2.2/smallrye-context-propagation-storage-1.2.2.jar:/Users/bouhaddisabri/.m2/repository/io/smallrye/reactive/mutiny-smallrye-context-propagation/1.8.0/mutiny-smallrye-context-propagation-1.8.0.jar:/Users/bouhaddisabri/.m2/repository/io/quarkus/quarkus-vertx-latebound-mdc-provider/2.14.3.Final/quarkus-vertx-latebound-mdc-provider-2.14.3.Final.jar:/Users/bouhaddisabri/.m2/repository/io/smallrye/reactive/smallrye-mutiny-vertx-core/2.27.0/smallrye-mutiny-vertx-core-2.27.0.jar:/Users/bouhaddisabri/.m2/repository/io/smallrye/reactive/smallrye-mutiny-vertx-runtime/2.27.0/smallrye-mutiny-vertx-runtime-2.27.0.jar:/Users/bouhaddisabri/.m2/repository/io/smallrye/reactive/vertx-mutiny-generator/2.27.0/vertx-mutiny-generator-2.27.0.jar:/Users/bouhaddisabri/.m2/repository/io/vertx/vertx-codegen/4.3.4/vertx-codegen-4.3.4.jar:/Users/bouhaddisabri/.m2/repository/io/smallrye/smallrye-fault-tolerance-vertx/5.5.0/smallrye-fault-tolerance-vertx-5.5.0.jar:/Users/bouhaddisabri/.m2/repository/io/quarkus/quarkus-undertow/2.14.3.Final/quarkus-undertow-2.14.3.Final.jar:/Users/bouhaddisabri/.m2/repository/io/quarkus/security/quarkus-security/1.1.4.Final/quarkus-security-1.1.4.Final.jar:/Users/bouhaddisabri/.m2/repository/jakarta/enterprise/jakarta.enterprise.cdi-api/2.0.2/jakarta.enterprise.cdi-api-2.0.2.jar:/Users/bouhaddisabri/.m2/repository/jakarta/el/jakarta.el-api/3.0.3/jakarta.el-api-3.0.3.jar:/Users/bouhaddisabri/.m2/repository/jakarta/interceptor/jakarta.interceptor-api/1.2.5/jakarta.interceptor-api-1.2.5.jar:/Users/bouhaddisabri/.m2/repository/io/quarkus/http/quarkus-http-servlet/4.1.9/quarkus-http-servlet-4.1.9.jar:/Users/bouhaddisabri/.m2/repository/jakarta/servlet/jakarta.servlet-api/4.0.3/jakarta.servlet-api-4.0.3.jar:/Users/bouhaddisabri/.m2/repository/jakarta/annotation/jakarta.annotation-api/1.3.5/jakarta.annotation-api-1.3.5.jar:/Users/bouhaddisabri/.m2/repository/io/quarkus/http/quarkus-http-vertx-backend/4.1.9/quarkus-http-vertx-backend-4.1.9.jar:/Users/bouhaddisabri/.m2/repository/io/quarkus/http/quarkus-http-http-core/4.1.9/quarkus-http-http-core-4.1.9.jar:/Users/bouhaddisabri/.m2/repository/io/quarkus/http/quarkus-http-core/4.1.9/quarkus-http-core-4.1.9.jar:/Users/bouhaddisabri/.m2/repository/io/quarkus/quarkus-junit5/2.14.3.Final/quarkus-junit5-2.14.3.Final.jar:/Users/bouhaddisabri/.m2/repository/io/quarkus/quarkus-bootstrap-core/2.14.3.Final/quarkus-bootstrap-core-2.14.3.Final.jar:/Users/bouhaddisabri/.m2/repository/io/quarkus/quarkus-bootstrap-app-model/2.14.3.Final/quarkus-bootstrap-app-model-2.14.3.Final.jar:/Users/bouhaddisabri/.m2/repository/io/smallrye/common/smallrye-common-io/1.13.2/smallrye-common-io-1.13.2.jar:/Users/bouhaddisabri/.m2/repository/org/eclipse/sisu/org.eclipse.sisu.inject/0.3.5/org.eclipse.sisu.inject-0.3.5.jar:/Users/bouhaddisabri/.m2/repository/io/quarkus/quarkus-test-common/2.14.3.Final/quarkus-test-common-2.14.3.Final.jar:/Users/bouhaddisabri/.m2/repository/io/quarkus/quarkus-core-deployment/2.14.3.Final/quarkus-core-deployment-2.14.3.Final.jar:/Users/bouhaddisabri/.m2/repository/org/aesh/readline/2.2/readline-2.2.jar:/Users/bouhaddisabri/.m2/repository/org/fusesource/jansi/jansi/1.18/jansi-1.18.jar:/Users/bouhaddisabri/.m2/repository/org/aesh/aesh/2.6/aesh-2.6.jar:/Users/bouhaddisabri/.m2/repository/io/quarkus/gizmo/gizmo/1.4.0.Final/gizmo-1.4.0.Final.jar:/Users/bouhaddisabri/.m2/repository/org/ow2/asm/asm-util/9.4/asm-util-9.4.jar:/Users/bouhaddisabri/.m2/repository/org/ow2/asm/asm-analysis/9.4/asm-analysis-9.4.jar:/Users/bouhaddisabri/.m2/repository/org/ow2/asm/asm-commons/9.4/asm-commons-9.4.jar:/Users/bouhaddisabri/.m2/repository/org/ow2/asm/asm-tree/9.4/asm-tree-9.4.jar:/Users/bouhaddisabri/.m2/repository/io/quarkus/quarkus-class-change-agent/2.14.3.Final/quarkus-class-change-agent-2.14.3.Final.jar:/Users/bouhaddisabri/.m2/repository/io/quarkus/quarkus-devtools-utilities/2.14.3.Final/quarkus-devtools-utilities-2.14.3.Final.jar:/Users/bouhaddisabri/.m2/repository/io/quarkus/quarkus-builder/2.14.3.Final/quarkus-builder-2.14.3.Final.jar:/Users/bouhaddisabri/.m2/repository/org/junit/platform/junit-platform-launcher/1.9.1/junit-platform-launcher-1.9.1.jar:/Users/bouhaddisabri/.m2/repository/io/quarkus/quarkus-bootstrap-maven-resolver/2.14.3.Final/quarkus-bootstrap-maven-resolver-2.14.3.Final.jar:/Users/bouhaddisabri/.m2/repository/org/apache/maven/maven-embedder/3.8.6/maven-embedder-3.8.6.jar:/Users/bouhaddisabri/.m2/repository/org/apache/maven/maven-settings/3.8.6/maven-settings-3.8.6.jar:/Users/bouhaddisabri/.m2/repository/org/apache/maven/maven-core/3.8.6/maven-core-3.8.6.jar:/Users/bouhaddisabri/.m2/repository/org/apache/maven/maven-artifact/3.8.6/maven-artifact-3.8.6.jar:/Users/bouhaddisabri/.m2/repository/org/codehaus/plexus/plexus-component-annotations/2.1.0/plexus-component-annotations-2.1.0.jar:/Users/bouhaddisabri/.m2/repository/org/apache/maven/maven-plugin-api/3.8.6/maven-plugin-api-3.8.6.jar:/Users/bouhaddisabri/.m2/repository/org/apache/maven/maven-model/3.8.6/maven-model-3.8.6.jar:/Users/bouhaddisabri/.m2/repository/org/apache/maven/maven-model-builder/3.8.6/maven-model-builder-3.8.6.jar:/Users/bouhaddisabri/.m2/repository/org/apache/maven/maven-builder-support/3.8.6/maven-builder-support-3.8.6.jar:/Users/bouhaddisabri/.m2/repository/org/apache/maven/resolver/maven-resolver-api/1.6.3/maven-resolver-api-1.6.3.jar:/Users/bouhaddisabri/.m2/repository/org/apache/maven/resolver/maven-resolver-util/1.6.3/maven-resolver-util-1.6.3.jar:/Users/bouhaddisabri/.m2/repository/org/apache/maven/shared/maven-shared-utils/3.3.4/maven-shared-utils-3.3.4.jar:/Users/bouhaddisabri/.m2/repository/com/google/inject/guice/4.2.2/guice-4.2.2-no_aop.jar:/Users/bouhaddisabri/.m2/repository/com/google/guava/guava/31.1-jre/guava-31.1-jre.jar:/Users/bouhaddisabri/.m2/repository/com/google/guava/failureaccess/1.0.1/failureaccess-1.0.1.jar:/Users/bouhaddisabri/.m2/repository/org/codehaus/plexus/plexus-classworlds/2.6.0/plexus-classworlds-2.6.0.jar:/Users/bouhaddisabri/.m2/repository/org/codehaus/plexus/plexus-sec-dispatcher/2.0/plexus-sec-dispatcher-2.0.jar:/Users/bouhaddisabri/.m2/repository/org/codehaus/plexus/plexus-cipher/2.0/plexus-cipher-2.0.jar:/Users/bouhaddisabri/.m2/repository/commons-cli/commons-cli/1.4/commons-cli-1.4.jar:/Users/bouhaddisabri/.m2/repository/org/eclipse/sisu/org.eclipse.sisu.plexus/0.3.5/org.eclipse.sisu.plexus-0.3.5.jar:/Users/bouhaddisabri/.m2/repository/org/apache/maven/maven-settings-builder/3.8.6/maven-settings-builder-3.8.6.jar:/Users/bouhaddisabri/.m2/repository/org/codehaus/plexus/plexus-interpolation/1.26/plexus-interpolation-1.26.jar:/Users/bouhaddisabri/.m2/repository/org/apache/maven/maven-resolver-provider/3.8.6/maven-resolver-provider-3.8.6.jar:/Users/bouhaddisabri/.m2/repository/org/apache/maven/maven-repository-metadata/3.8.6/maven-repository-metadata-3.8.6.jar:/Users/bouhaddisabri/.m2/repository/org/apache/maven/resolver/maven-resolver-spi/1.6.3/maven-resolver-spi-1.6.3.jar:/Users/bouhaddisabri/.m2/repository/org/apache/maven/resolver/maven-resolver-impl/1.6.3/maven-resolver-impl-1.6.3.jar:/Users/bouhaddisabri/.m2/repository/org/codehaus/plexus/plexus-utils/3.3.0/plexus-utils-3.3.0.jar:/Users/bouhaddisabri/.m2/repository/org/apache/maven/resolver/maven-resolver-connector-basic/1.6.3/maven-resolver-connector-basic-1.6.3.jar:/Users/bouhaddisabri/.m2/repository/org/apache/maven/resolver/maven-resolver-transport-wagon/1.6.3/maven-resolver-transport-wagon-1.6.3.jar:/Users/bouhaddisabri/.m2/repository/org/apache/maven/wagon/wagon-http/3.5.1/wagon-http-3.5.1.jar:/Users/bouhaddisabri/.m2/repository/org/apache/maven/wagon/wagon-http-shared/3.5.1/wagon-http-shared-3.5.1.jar:/Users/bouhaddisabri/.m2/repository/org/apache/maven/wagon/wagon-provider-api/3.5.1/wagon-provider-api-3.5.1.jar:/Users/bouhaddisabri/.m2/repository/org/apache/maven/wagon/wagon-file/3.5.1/wagon-file-3.5.1.jar:/Users/bouhaddisabri/.m2/repository/io/quarkus/quarkus-bootstrap-gradle-resolver/2.14.3.Final/quarkus-bootstrap-gradle-resolver-2.14.3.Final.jar:/Users/bouhaddisabri/.m2/repository/org/jboss/logging/commons-logging-jboss-logging/1.0.0.Final/commons-logging-jboss-logging-1.0.0.Final.jar:/Users/bouhaddisabri/.m2/repository/io/quarkus/quarkus-junit5-properties/2.14.3.Final/quarkus-junit5-properties-2.14.3.Final.jar:/Users/bouhaddisabri/.m2/repository/org/junit/jupiter/junit-jupiter/5.9.1/junit-jupiter-5.9.1.jar:/Users/bouhaddisabri/.m2/repository/org/junit/jupiter/junit-jupiter-api/5.9.1/junit-jupiter-api-5.9.1.jar:/Users/bouhaddisabri/.m2/repository/org/opentest4j/opentest4j/1.2.0/opentest4j-1.2.0.jar:/Users/bouhaddisabri/.m2/repository/org/junit/platform/junit-platform-commons/1.9.1/junit-platform-commons-1.9.1.jar:/Users/bouhaddisabri/.m2/repository/org/apiguardian/apiguardian-api/1.1.2/apiguardian-api-1.1.2.jar:/Users/bouhaddisabri/.m2/repository/org/junit/jupiter/junit-jupiter-params/5.9.1/junit-jupiter-params-5.9.1.jar:/Users/bouhaddisabri/.m2/repository/org/junit/jupiter/junit-jupiter-engine/5.9.1/junit-jupiter-engine-5.9.1.jar:/Users/bouhaddisabri/.m2/repository/org/junit/platform/junit-platform-engine/1.9.1/junit-platform-engine-1.9.1.jar:/Users/bouhaddisabri/.m2/repository/com/thoughtworks/xstream/xstream/1.4.19/xstream-1.4.19.jar:/Users/bouhaddisabri/.m2/repository/io/github/x-stream/mxparser/1.2.2/mxparser-1.2.2.jar:/Users/bouhaddisabri/.m2/repository/xmlpull/xmlpull/1.1.3.1/xmlpull-1.1.3.1.jar:/Users/bouhaddisabri/.m2/repository/io/quarkus/quarkus-hibernate-orm-panache/2.14.3.Final/quarkus-hibernate-orm-panache-2.14.3.Final.jar:/Users/bouhaddisabri/.m2/repository/io/quarkus/quarkus-hibernate-orm-panache-common/2.14.3.Final/quarkus-hibernate-orm-panache-common-2.14.3.Final.jar:/Users/bouhaddisabri/.m2/repository/io/quarkus/quarkus-panache-hibernate-common/2.14.3.Final/quarkus-panache-hibernate-common-2.14.3.Final.jar:/Users/bouhaddisabri/.m2/repository/io/quarkus/quarkus-panache-common/2.14.3.Final/quarkus-panache-common-2.14.3.Final.jar:/Users/bouhaddisabri/.m2/repository/io/quarkus/quarkus-resteasy-jsonb/2.14.3.Final/quarkus-resteasy-jsonb-2.14.3.Final.jar:/Users/bouhaddisabri/.m2/repository/io/quarkus/quarkus-jsonb/2.14.3.Final/quarkus-jsonb-2.14.3.Final.jar:/Users/bouhaddisabri/.m2/repository/org/eclipse/yasson/1.0.11/yasson-1.0.11.jar:/Users/bouhaddisabri/.m2/repository/org/jboss/resteasy/resteasy-json-binding-provider/4.7.7.Final/resteasy-json-binding-provider-4.7.7.Final.jar:/Users/bouhaddisabri/.m2/repository/jakarta/json/bind/jakarta.json.bind-api/1.0.2/jakarta.json.bind-api-1.0.2.jar:/Users/bouhaddisabri/.m2/repository/org/jboss/resteasy/resteasy-json-p-provider/4.7.7.Final/resteasy-json-p-provider-4.7.7.Final.jar:/Users/bouhaddisabri/.m2/repository/commons-io/commons-io/2.11.0/commons-io-2.11.0.jar:/Users/bouhaddisabri/.m2/repository/org/projectlombok/lombok/1.18.22/lombok-1.18.22.jar:/Users/bouhaddisabri/.m2/repository/io/quarkus/quarkus-smallrye-health/2.14.3.Final/quarkus-smallrye-health-2.14.3.Final.jar:/Users/bouhaddisabri/.m2/repository/io/smallrye/smallrye-health/3.3.0/smallrye-health-3.3.0.jar:/Users/bouhaddisabri/.m2/repository/org/eclipse/microprofile/health/microprofile-health-api/3.1/microprofile-health-api-3.1.jar:/Users/bouhaddisabri/.m2/repository/io/smallrye/smallrye-health-api/3.3.0/smallrye-health-api-3.3.0.jar:/Users/bouhaddisabri/.m2/repository/io/smallrye/smallrye-health-provided-checks/3.3.0/smallrye-health-provided-checks-3.3.0.jar:/Users/bouhaddisabri/.m2/repository/io/quarkus/quarkus-jsonp/2.14.3.Final/quarkus-jsonp-2.14.3.Final.jar:/Users/bouhaddisabri/.m2/repository/org/glassfish/jakarta.json/1.1.6/jakarta.json-1.1.6.jar:/Users/bouhaddisabri/.m2/repository/io/quarkus/quarkus-micrometer-registry-prometheus/2.14.3.Final/quarkus-micrometer-registry-prometheus-2.14.3.Final.jar:/Users/bouhaddisabri/.m2/repository/io/quarkus/quarkus-micrometer/2.14.3.Final/quarkus-micrometer-2.14.3.Final.jar:/Users/bouhaddisabri/.m2/repository/io/micrometer/micrometer-core/1.9.5/micrometer-core-1.9.5.jar:/Users/bouhaddisabri/.m2/repository/org/hdrhistogram/HdrHistogram/2.1.12/HdrHistogram-2.1.12.jar:/Users/bouhaddisabri/.m2/repository/org/latencyutils/LatencyUtils/2.0.3/LatencyUtils-2.0.3.jar:/Users/bouhaddisabri/.m2/repository/io/micrometer/micrometer-registry-prometheus/1.9.5/micrometer-registry-prometheus-1.9.5.jar:/Users/bouhaddisabri/.m2/repository/io/prometheus/simpleclient_common/0.15.0/simpleclient_common-0.15.0.jar:/Users/bouhaddisabri/.m2/repository/io/prometheus/simpleclient/0.15.0/simpleclient-0.15.0.jar:/Users/bouhaddisabri/.m2/repository/io/prometheus/simpleclient_tracer_otel/0.15.0/simpleclient_tracer_otel-0.15.0.jar:/Users/bouhaddisabri/.m2/repository/io/prometheus/simpleclient_tracer_common/0.15.0/simpleclient_tracer_common-0.15.0.jar:/Users/bouhaddisabri/.m2/repository/io/prometheus/simpleclient_tracer_otel_agent/0.15.0/simpleclient_tracer_otel_agent-0.15.0.jar:/Users/bouhaddisabri/.m2/repository/io/quarkus/quarkus-panache-mock/2.14.3.Final/quarkus-panache-mock-2.14.3.Final.jar:/Users/bouhaddisabri/.m2/repository/io/quarkus/quarkus-panache-common-deployment/2.14.3.Final/quarkus-panache-common-deployment-2.14.3.Final.jar:/Users/bouhaddisabri/.m2/repository/org/ow2/asm/asm/9.4/asm-9.4.jar:/Users/bouhaddisabri/.m2/repository/org/mockito/mockito-core/4.8.1/mockito-core-4.8.1.jar:/Users/bouhaddisabri/.m2/repository/net/bytebuddy/byte-buddy-agent/1.12.16/byte-buddy-agent-1.12.16.jar:/Users/bouhaddisabri/.m2/repository/org/objenesis/objenesis/3.2/objenesis-3.2.jar:/Users/bouhaddisabri/.m2/repository/io/rest-assured/rest-assured/4.5.1/rest-assured-4.5.1.jar:/Users/bouhaddisabri/.m2/repository/org/codehaus/groovy/groovy/3.0.9/groovy-3.0.9.jar:/Users/bouhaddisabri/.m2/repository/org/codehaus/groovy/groovy-xml/3.0.9/groovy-xml-3.0.9.jar:/Users/bouhaddisabri/.m2/repository/org/apache/httpcomponents/httpclient/4.5.13/httpclient-4.5.13.jar:/Users/bouhaddisabri/.m2/repository/org/apache/httpcomponents/httpcore/4.4.15/httpcore-4.4.15.jar:/Users/bouhaddisabri/.m2/repository/commons-codec/commons-codec/1.15/commons-codec-1.15.jar:/Users/bouhaddisabri/.m2/repository/org/apache/httpcomponents/httpmime/4.5.13/httpmime-4.5.13.jar:/Users/bouhaddisabri/.m2/repository/org/hamcrest/hamcrest/2.1/hamcrest-2.1.jar:/Users/bouhaddisabri/.m2/repository/org/ccil/cowan/tagsoup/tagsoup/1.2.1/tagsoup-1.2.1.jar:/Users/bouhaddisabri/.m2/repository/io/rest-assured/json-path/4.5.1/json-path-4.5.1.jar:/Users/bouhaddisabri/.m2/repository/org/codehaus/groovy/groovy-json/3.0.9/groovy-json-3.0.9.jar:/Users/bouhaddisabri/.m2/repository/io/rest-assured/rest-assured-common/4.5.1/rest-assured-common-4.5.1.jar:/Users/bouhaddisabri/.m2/repository/io/rest-assured/xml-path/4.5.1/xml-path-4.5.1.jar:/Users/bouhaddisabri/.m2/repository/org/apache/commons/commons-lang3/3.12.0/commons-lang3-3.12.0.jar:/Users/bouhaddisabri/.m2/repository/org/assertj/assertj-core/3.23.1/assertj-core-3.23.1.jar:/Users/bouhaddisabri/.m2/repository/net/bytebuddy/byte-buddy/1.12.18/byte-buddy-1.12.18.jar:/Users/bouhaddisabri/.m2/repository/io/quarkus/quarkus-junit5-mockito/2.14.3.Final/quarkus-junit5-mockito-2.14.3.Final.jar:/Users/bouhaddisabri/.m2/repository/io/quarkus/quarkus-junit5-mockito-config/2.14.3.Final/quarkus-junit5-mockito-config-2.14.3.Final.jar:/Users/bouhaddisabri/.m2/repository/io/quarkus/quarkus-arc-deployment/2.14.3.Final/quarkus-arc-deployment-2.14.3.Final.jar:/Users/bouhaddisabri/.m2/repository/io/quarkus/quarkus-smallrye-context-propagation-spi/2.14.3.Final/quarkus-smallrye-context-propagation-spi-2.14.3.Final.jar:/Users/bouhaddisabri/.m2/repository/io/quarkus/quarkus-vertx-http-dev-console-spi/2.14.3.Final/quarkus-vertx-http-dev-console-spi-2.14.3.Final.jar:/Users/bouhaddisabri/.m2/repository/io/quarkus/arc/arc-processor/2.14.3.Final/arc-processor-2.14.3.Final.jar:/Users/bouhaddisabri/.m2/repository/io/quarkus/quarkus-test-h2/2.14.3.Final/quarkus-test-h2-2.14.3.Final.jar:"/>
    <property name="java.vm.vendor" value="Oracle Corporation"/>
    <property name="sun.arch.data.model" value="64"/>
    <property name="java.vendor.url" value="https://java.oracle.com/"/>
    <property name="user.timezone" value="Europe/Paris"/>
    <property name="logging.initial-configurator.min-level" value="500"/>
    <property name="os.name" value="Mac OS X"/>
    <property name="java.vm.specification.version" value="17"/>
    <property name="sun.java.launcher" value="SUN_STANDARD"/>
    <property name="user.country" value="FR"/>
    <property name="mp.openapi.extensions.smallrye.defaultProduces" value="application/json"/>
    <property name="sun.boot.library.path" value="/Library/Java/JavaVirtualMachines/jdk-17.0.5.jdk/Contents/Home/lib"/>
    <property name="sun.java.command" value="/Users/bouhaddisabri/Work/rpn-calculator-quarkus/target/surefire/surefirebooter-20221211174532633_3.jar /Users/bouhaddisabri/Work/rpn-calculator-quarkus/target/surefire 2022-12-11T17-45-32_319-jvmRun1 surefire-20221211174532633_1tmp surefire_0-20221211174532633_2tmp"/>
    <property name="http.nonProxyHosts" value="local|*.local|169.254/16|*.169.254/16"/>
    <property name="jdk.debug" value="release"/>
    <property name="maven.home" value="/Users/bouhaddisabri/Work/rpn-calculator-quarkus/EMBEDDED"/>
    <property name="surefire.test.class.path" value="/Users/bouhaddisabri/Work/rpn-calculator-quarkus/target/test-classes:/Users/bouhaddisabri/Work/rpn-calculator-quarkus/target/classes:/Users/bouhaddisabri/.m2/repository/io/quarkus/quarkus-hibernate-orm/2.14.3.Final/quarkus-hibernate-orm-2.14.3.Final.jar:/Users/bouhaddisabri/.m2/repository/io/quarkus/quarkus-core/2.14.3.Final/quarkus-core-2.14.3.Final.jar:/Users/bouhaddisabri/.m2/repository/jakarta/inject/jakarta.inject-api/1.0/jakarta.inject-api-1.0.jar:/Users/bouhaddisabri/.m2/repository/io/quarkus/quarkus-ide-launcher/2.14.3.Final/quarkus-ide-launcher-2.14.3.Final.jar:/Users/bouhaddisabri/.m2/repository/io/quarkus/quarkus-development-mode-spi/2.14.3.Final/quarkus-development-mode-spi-2.14.3.Final.jar:/Users/bouhaddisabri/.m2/repository/io/smallrye/config/smallrye-config/2.12.1/smallrye-config-2.12.1.jar:/Users/bouhaddisabri/.m2/repository/io/smallrye/config/smallrye-config-core/2.12.1/smallrye-config-core-2.12.1.jar:/Users/bouhaddisabri/.m2/repository/io/smallrye/common/smallrye-common-expression/1.13.2/smallrye-common-expression-1.13.2.jar:/Users/bouhaddisabri/.m2/repository/io/smallrye/common/smallrye-common-function/1.13.2/smallrye-common-function-1.13.2.jar:/Users/bouhaddisabri/.m2/repository/io/smallrye/common/smallrye-common-classloader/1.13.2/smallrye-common-classloader-1.13.2.jar:/Users/bouhaddisabri/.m2/repository/io/smallrye/config/smallrye-config-common/2.12.1/smallrye-config-common-2.12.1.jar:/Users/bouhaddisabri/.m2/repository/org/jboss/logging/jboss-logging/3.5.0.Final/jboss-logging-3.5.0.Final.jar:/Users/bouhaddisabri/.m2/repository/org/jboss/logmanager/jboss-logmanager-embedded/1.0.11/jboss-logmanager-embedded-1.0.11.jar:/Users/bouhaddisabri/.m2/repository/org/jboss/logging/jboss-logging-annotations/2.2.1.Final/jboss-logging-annotations-2.2.1.Final.jar:/Users/bouhaddisabri/.m2/repository/org/jboss/threads/jboss-threads/3.4.3.Final/jboss-threads-3.4.3.Final.jar:/Users/bouhaddisabri/.m2/repository/org/slf4j/slf4j-api/1.7.36/slf4j-api-1.7.36.jar:/Users/bouhaddisabri/.m2/repository/org/jboss/slf4j/slf4j-jboss-logmanager/1.2.0.Final/slf4j-jboss-logmanager-1.2.0.Final.jar:/Users/bouhaddisabri/.m2/repository/org/graalvm/sdk/graal-sdk/22.3.0/graal-sdk-22.3.0.jar:/Users/bouhaddisabri/.m2/repository/org/wildfly/common/wildfly-common/1.5.4.Final-format-001/wildfly-common-1.5.4.Final-format-001.jar:/Users/bouhaddisabri/.m2/repository/io/quarkus/quarkus-bootstrap-runner/2.14.3.Final/quarkus-bootstrap-runner-2.14.3.Final.jar:/Users/bouhaddisabri/.m2/repository/io/quarkus/quarkus-fs-util/0.0.9/quarkus-fs-util-0.0.9.jar:/Users/bouhaddisabri/.m2/repository/io/quarkus/quarkus-narayana-jta/2.14.3.Final/quarkus-narayana-jta-2.14.3.Final.jar:/Users/bouhaddisabri/.m2/repository/io/quarkus/quarkus-transaction-annotations/2.14.3.Final/quarkus-transaction-annotations-2.14.3.Final.jar:/Users/bouhaddisabri/.m2/repository/io/smallrye/smallrye-context-propagation-jta/1.2.2/smallrye-context-propagation-jta-1.2.2.jar:/Users/bouhaddisabri/.m2/repository/io/smallrye/reactive/smallrye-reactive-converter-api/2.7.0/smallrye-reactive-converter-api-2.7.0.jar:/Users/bouhaddisabri/.m2/repository/org/reactivestreams/reactive-streams/1.0.3/reactive-streams-1.0.3.jar:/Users/bouhaddisabri/.m2/repository/io/smallrye/reactive/smallrye-reactive-converter-mutiny/2.7.0/smallrye-reactive-converter-mutiny-2.7.0.jar:/Users/bouhaddisabri/.m2/repository/org/jboss/narayana/jta/narayana-jta/5.13.1.Final/narayana-jta-5.13.1.Final.jar:/Users/bouhaddisabri/.m2/repository/org/jboss/spec/javax/resource/jboss-connector-api_1.7_spec/1.0.0.Final/jboss-connector-api_1.7_spec-1.0.0.Final.jar:/Users/bouhaddisabri/.m2/repository/org/jboss/narayana/jts/narayana-jts-integration/5.13.1.Final/narayana-jts-integration-5.13.1.Final.jar:/Users/bouhaddisabri/.m2/repository/org/hibernate/hibernate-core/5.6.14.Final/hibernate-core-5.6.14.Final.jar:/Users/bouhaddisabri/.m2/repository/antlr/antlr/2.7.7/antlr-2.7.7.jar:/Users/bouhaddisabri/.m2/repository/com/fasterxml/classmate/1.5.1/classmate-1.5.1.jar:/Users/bouhaddisabri/.m2/repository/org/hibernate/common/hibernate-commons-annotations/5.1.2.Final/hibernate-commons-annotations-5.1.2.Final.jar:/Users/bouhaddisabri/.m2/repository/org/hibernate/hibernate-graalvm/5.6.14.Final/hibernate-graalvm-5.6.14.Final.jar:/Users/bouhaddisabri/.m2/repository/org/glassfish/jaxb/jaxb-runtime/2.3.3-b02/jaxb-runtime-2.3.3-b02.jar:/Users/bouhaddisabri/.m2/repository/org/glassfish/jaxb/txw2/2.3.3-b02/txw2-2.3.3-b02.jar:/Users/bouhaddisabri/.m2/repository/com/sun/istack/istack-commons-runtime/3.0.10/istack-commons-runtime-3.0.10.jar:/Users/bouhaddisabri/.m2/repository/com/sun/activation/jakarta.activation/1.2.1/jakarta.activation-1.2.1.jar:/Users/bouhaddisabri/.m2/repository/org/jboss/spec/javax/xml/bind/jboss-jaxb-api_2.3_spec/2.0.0.Final/jboss-jaxb-api_2.3_spec-2.0.0.Final.jar:/Users/bouhaddisabri/.m2/repository/jakarta/persistence/jakarta.persistence-api/2.2.3/jakarta.persistence-api-2.2.3.jar:/Users/bouhaddisabri/.m2/repository/jakarta/transaction/jakarta.transaction-api/1.3.3/jakarta.transaction-api-1.3.3.jar:/Users/bouhaddisabri/.m2/repository/org/hibernate/quarkus-local-cache/0.1.1/quarkus-local-cache-0.1.1.jar:/Users/bouhaddisabri/.m2/repository/io/quarkus/quarkus-caffeine/2.14.3.Final/quarkus-caffeine-2.14.3.Final.jar:/Users/bouhaddisabri/.m2/repository/com/github/ben-manes/caffeine/caffeine/3.1.1/caffeine-3.1.1.jar:/Users/bouhaddisabri/.m2/repository/com/google/errorprone/error_prone_annotations/2.16/error_prone_annotations-2.16.jar:/Users/bouhaddisabri/.m2/repository/io/quarkus/quarkus-jdbc-h2/2.14.3.Final/quarkus-jdbc-h2-2.14.3.Final.jar:/Users/bouhaddisabri/.m2/repository/com/h2database/h2/2.1.214/h2-2.1.214.jar:/Users/bouhaddisabri/.m2/repository/org/locationtech/jts/jts-core/1.17.0/jts-core-1.17.0.jar:/Users/bouhaddisabri/.m2/repository/io/quarkus/quarkus-hibernate-validator/2.14.3.Final/quarkus-hibernate-validator-2.14.3.Final.jar:/Users/bouhaddisabri/.m2/repository/org/hibernate/validator/hibernate-validator/6.2.5.Final/hibernate-validator-6.2.5.Final.jar:/Users/bouhaddisabri/.m2/repository/jakarta/validation/jakarta.validation-api/2.0.2/jakarta.validation-api-2.0.2.jar:/Users/bouhaddisabri/.m2/repository/org/glassfish/jakarta.el/3.0.4/jakarta.el-3.0.4.jar:/Users/bouhaddisabri/.m2/repository/io/smallrye/config/smallrye-config-validator/2.12.1/smallrye-config-validator-2.12.1.jar:/Users/bouhaddisabri/.m2/repository/org/jboss/spec/javax/ws/rs/jboss-jaxrs-api_2.1_spec/2.0.1.Final/jboss-jaxrs-api_2.1_spec-2.0.1.Final.jar:/Users/bouhaddisabri/.m2/repository/io/quarkus/quarkus-resteasy/2.14.3.Final/quarkus-resteasy-2.14.3.Final.jar:/Users/bouhaddisabri/.m2/repository/io/quarkus/quarkus-vertx-http/2.14.3.Final/quarkus-vertx-http-2.14.3.Final.jar:/Users/bouhaddisabri/.m2/repository/io/quarkus/quarkus-security-runtime-spi/2.14.3.Final/quarkus-security-runtime-spi-2.14.3.Final.jar:/Users/bouhaddisabri/.m2/repository/io/quarkus/quarkus-vertx-http-dev-console-runtime-spi/2.14.3.Final/quarkus-vertx-http-dev-console-runtime-spi-2.14.3.Final.jar:/Users/bouhaddisabri/.m2/repository/io/smallrye/reactive/smallrye-mutiny-vertx-web/2.27.0/smallrye-mutiny-vertx-web-2.27.0.jar:/Users/bouhaddisabri/.m2/repository/io/smallrye/reactive/smallrye-mutiny-vertx-web-common/2.27.0/smallrye-mutiny-vertx-web-common-2.27.0.jar:/Users/bouhaddisabri/.m2/repository/io/smallrye/reactive/smallrye-mutiny-vertx-auth-common/2.27.0/smallrye-mutiny-vertx-auth-common-2.27.0.jar:/Users/bouhaddisabri/.m2/repository/io/smallrye/reactive/smallrye-mutiny-vertx-bridge-common/2.27.0/smallrye-mutiny-vertx-bridge-common-2.27.0.jar:/Users/bouhaddisabri/.m2/repository/io/smallrye/reactive/smallrye-mutiny-vertx-uri-template/2.27.0/smallrye-mutiny-vertx-uri-template-2.27.0.jar:/Users/bouhaddisabri/.m2/repository/io/vertx/vertx-uri-template/4.3.4/vertx-uri-template-4.3.4.jar:/Users/bouhaddisabri/.m2/repository/io/vertx/vertx-web/4.3.4/vertx-web-4.3.4.jar:/Users/bouhaddisabri/.m2/repository/io/vertx/vertx-web-common/4.3.4/vertx-web-common-4.3.4.jar:/Users/bouhaddisabri/.m2/repository/io/vertx/vertx-auth-common/4.3.4/vertx-auth-common-4.3.4.jar:/Users/bouhaddisabri/.m2/repository/io/vertx/vertx-bridge-common/4.3.4/vertx-bridge-common-4.3.4.jar:/Users/bouhaddisabri/.m2/repository/io/github/crac/org-crac/0.1.1/org-crac-0.1.1.jar:/Users/bouhaddisabri/.m2/repository/io/quarkus/quarkus-resteasy-server-common/2.14.3.Final/quarkus-resteasy-server-common-2.14.3.Final.jar:/Users/bouhaddisabri/.m2/repository/io/quarkus/quarkus-resteasy-common/2.14.3.Final/quarkus-resteasy-common-2.14.3.Final.jar:/Users/bouhaddisabri/.m2/repository/org/jboss/resteasy/resteasy-core/4.7.7.Final/resteasy-core-4.7.7.Final.jar:/Users/bouhaddisabri/.m2/repository/org/jboss/resteasy/resteasy-core-spi/4.7.7.Final/resteasy-core-spi-4.7.7.Final.jar:/Users/bouhaddisabri/.m2/repository/com/ibm/async/asyncutil/0.1.0/asyncutil-0.1.0.jar:/Users/bouhaddisabri/.m2/repository/io/quarkus/quarkus-agroal/2.14.3.Final/quarkus-agroal-2.14.3.Final.jar:/Users/bouhaddisabri/.m2/repository/io/quarkus/quarkus-datasource/2.14.3.Final/quarkus-datasource-2.14.3.Final.jar:/Users/bouhaddisabri/.m2/repository/io/quarkus/quarkus-datasource-common/2.14.3.Final/quarkus-datasource-common-2.14.3.Final.jar:/Users/bouhaddisabri/.m2/repository/io/agroal/agroal-api/1.16/agroal-api-1.16.jar:/Users/bouhaddisabri/.m2/repository/io/agroal/agroal-narayana/1.16/agroal-narayana-1.16.jar:/Users/bouhaddisabri/.m2/repository/org/jboss/jboss-transaction-spi/7.6.0.Final/jboss-transaction-spi-7.6.0.Final.jar:/Users/bouhaddisabri/.m2/repository/io/agroal/agroal-pool/1.16/agroal-pool-1.16.jar:/Users/bouhaddisabri/.m2/repository/io/quarkus/quarkus-credentials/2.14.3.Final/quarkus-credentials-2.14.3.Final.jar:/Users/bouhaddisabri/.m2/repository/io/quarkus/quarkus-arc/2.14.3.Final/quarkus-arc-2.14.3.Final.jar:/Users/bouhaddisabri/.m2/repository/io/quarkus/arc/arc/2.14.3.Final/arc-2.14.3.Final.jar:/Users/bouhaddisabri/.m2/repository/io/smallrye/reactive/mutiny/1.8.0/mutiny-1.8.0.jar:/Users/bouhaddisabri/.m2/repository/org/eclipse/microprofile/context-propagation/microprofile-context-propagation-api/1.2/microprofile-context-propagation-api-1.2.jar:/Users/bouhaddisabri/.m2/repository/io/quarkus/quarkus-smallrye-openapi/2.14.3.Final/quarkus-smallrye-openapi-2.14.3.Final.jar:/Users/bouhaddisabri/.m2/repository/io/smallrye/smallrye-open-api-core/2.3.1/smallrye-open-api-core-2.3.1.jar:/Users/bouhaddisabri/.m2/repository/org/eclipse/microprofile/openapi/microprofile-openapi-api/2.0.1/microprofile-openapi-api-2.0.1.jar:/Users/bouhaddisabri/.m2/repository/org/eclipse/microprofile/config/microprofile-config-api/2.0.1/microprofile-config-api-2.0.1.jar:/Users/bouhaddisabri/.m2/repository/com/fasterxml/jackson/core/jackson-core/2.13.4/jackson-core-2.13.4.jar:/Users/bouhaddisabri/.m2/repository/com/fasterxml/jackson/core/jackson-databind/2.13.4.2/jackson-databind-2.13.4.2.jar:/Users/bouhaddisabri/.m2/repository/com/fasterxml/jackson/core/jackson-annotations/2.13.4/jackson-annotations-2.13.4.jar:/Users/bouhaddisabri/.m2/repository/com/fasterxml/jackson/dataformat/jackson-dataformat-yaml/2.13.4/jackson-dataformat-yaml-2.13.4.jar:/Users/bouhaddisabri/.m2/repository/org/yaml/snakeyaml/1.33/snakeyaml-1.33.jar:/Users/bouhaddisabri/.m2/repository/io/smallrye/jandex/3.0.5/jandex-3.0.5.jar:/Users/bouhaddisabri/.m2/repository/io/quarkus/quarkus-swagger-ui/2.14.3.Final/quarkus-swagger-ui-2.14.3.Final.jar:/Users/bouhaddisabri/.m2/repository/io/quarkus/quarkus-vertx/2.14.3.Final/quarkus-vertx-2.14.3.Final.jar:/Users/bouhaddisabri/.m2/repository/io/quarkus/quarkus-netty/2.14.3.Final/quarkus-netty-2.14.3.Final.jar:/Users/bouhaddisabri/.m2/repository/io/netty/netty-codec/4.1.82.Final/netty-codec-4.1.82.Final.jar:/Users/bouhaddisabri/.m2/repository/io/netty/netty-common/4.1.82.Final/netty-common-4.1.82.Final.jar:/Users/bouhaddisabri/.m2/repository/io/netty/netty-codec-http/4.1.82.Final/netty-codec-http-4.1.82.Final.jar:/Users/bouhaddisabri/.m2/repository/io/netty/netty-codec-http2/4.1.82.Final/netty-codec-http2-4.1.82.Final.jar:/Users/bouhaddisabri/.m2/repository/io/netty/netty-handler/4.1.82.Final/netty-handler-4.1.82.Final.jar:/Users/bouhaddisabri/.m2/repository/io/netty/netty-resolver/4.1.82.Final/netty-resolver-4.1.82.Final.jar:/Users/bouhaddisabri/.m2/repository/io/netty/netty-transport-native-unix-common/4.1.82.Final/netty-transport-native-unix-common-4.1.82.Final.jar:/Users/bouhaddisabri/.m2/repository/com/aayushatharva/brotli4j/brotli4j/1.8.0/brotli4j-1.8.0.jar:/Users/bouhaddisabri/.m2/repository/com/aayushatharva/brotli4j/native-osx-x86_64/1.8.0/native-osx-x86_64-1.8.0.jar:/Users/bouhaddisabri/.m2/repository/io/netty/netty-codec-haproxy/4.1.82.Final/netty-codec-haproxy-4.1.82.Final.jar:/Users/bouhaddisabri/.m2/repository/io/netty/netty-buffer/4.1.82.Final/netty-buffer-4.1.82.Final.jar:/Users/bouhaddisabri/.m2/repository/io/netty/netty-transport/4.1.82.Final/netty-transport-4.1.82.Final.jar:/Users/bouhaddisabri/.m2/repository/io/smallrye/common/smallrye-common-annotation/1.13.2/smallrye-common-annotation-1.13.2.jar:/Users/bouhaddisabri/.m2/repository/io/smallrye/common/smallrye-common-vertx-context/1.13.2/smallrye-common-vertx-context-1.13.2.jar:/Users/bouhaddisabri/.m2/repository/io/vertx/vertx-core/4.3.4/vertx-core-4.3.4.jar:/Users/bouhaddisabri/.m2/repository/io/netty/netty-handler-proxy/4.1.82.Final/netty-handler-proxy-4.1.82.Final.jar:/Users/bouhaddisabri/.m2/repository/io/netty/netty-codec-socks/4.1.82.Final/netty-codec-socks-4.1.82.Final.jar:/Users/bouhaddisabri/.m2/repository/io/netty/netty-resolver-dns/4.1.82.Final/netty-resolver-dns-4.1.82.Final.jar:/Users/bouhaddisabri/.m2/repository/io/netty/netty-codec-dns/4.1.82.Final/netty-codec-dns-4.1.82.Final.jar:/Users/bouhaddisabri/.m2/repository/io/smallrye/common/smallrye-common-constraint/1.13.2/smallrye-common-constraint-1.13.2.jar:/Users/bouhaddisabri/.m2/repository/io/quarkus/quarkus-mutiny/2.14.3.Final/quarkus-mutiny-2.14.3.Final.jar:/Users/bouhaddisabri/.m2/repository/io/quarkus/quarkus-smallrye-context-propagation/2.14.3.Final/quarkus-smallrye-context-propagation-2.14.3.Final.jar:/Users/bouhaddisabri/.m2/repository/io/smallrye/smallrye-context-propagation/1.2.2/smallrye-context-propagation-1.2.2.jar:/Users/bouhaddisabri/.m2/repository/io/smallrye/smallrye-context-propagation-api/1.2.2/smallrye-context-propagation-api-1.2.2.jar:/Users/bouhaddisabri/.m2/repository/io/smallrye/smallrye-context-propagation-storage/1.2.2/smallrye-context-propagation-storage-1.2.2.jar:/Users/bouhaddisabri/.m2/repository/io/smallrye/reactive/mutiny-smallrye-context-propagation/1.8.0/mutiny-smallrye-context-propagation-1.8.0.jar:/Users/bouhaddisabri/.m2/repository/io/quarkus/quarkus-vertx-latebound-mdc-provider/2.14.3.Final/quarkus-vertx-latebound-mdc-provider-2.14.3.Final.jar:/Users/bouhaddisabri/.m2/repository/io/smallrye/reactive/smallrye-mutiny-vertx-core/2.27.0/smallrye-mutiny-vertx-core-2.27.0.jar:/Users/bouhaddisabri/.m2/repository/io/smallrye/reactive/smallrye-mutiny-vertx-runtime/2.27.0/smallrye-mutiny-vertx-runtime-2.27.0.jar:/Users/bouhaddisabri/.m2/repository/io/smallrye/reactive/vertx-mutiny-generator/2.27.0/vertx-mutiny-generator-2.27.0.jar:/Users/bouhaddisabri/.m2/repository/io/vertx/vertx-codegen/4.3.4/vertx-codegen-4.3.4.jar:/Users/bouhaddisabri/.m2/repository/io/smallrye/smallrye-fault-tolerance-vertx/5.5.0/smallrye-fault-tolerance-vertx-5.5.0.jar:/Users/bouhaddisabri/.m2/repository/io/quarkus/quarkus-undertow/2.14.3.Final/quarkus-undertow-2.14.3.Final.jar:/Users/bouhaddisabri/.m2/repository/io/quarkus/security/quarkus-security/1.1.4.Final/quarkus-security-1.1.4.Final.jar:/Users/bouhaddisabri/.m2/repository/jakarta/enterprise/jakarta.enterprise.cdi-api/2.0.2/jakarta.enterprise.cdi-api-2.0.2.jar:/Users/bouhaddisabri/.m2/repository/jakarta/el/jakarta.el-api/3.0.3/jakarta.el-api-3.0.3.jar:/Users/bouhaddisabri/.m2/repository/jakarta/interceptor/jakarta.interceptor-api/1.2.5/jakarta.interceptor-api-1.2.5.jar:/Users/bouhaddisabri/.m2/repository/io/quarkus/http/quarkus-http-servlet/4.1.9/quarkus-http-servlet-4.1.9.jar:/Users/bouhaddisabri/.m2/repository/jakarta/servlet/jakarta.servlet-api/4.0.3/jakarta.servlet-api-4.0.3.jar:/Users/bouhaddisabri/.m2/repository/jakarta/annotation/jakarta.annotation-api/1.3.5/jakarta.annotation-api-1.3.5.jar:/Users/bouhaddisabri/.m2/repository/io/quarkus/http/quarkus-http-vertx-backend/4.1.9/quarkus-http-vertx-backend-4.1.9.jar:/Users/bouhaddisabri/.m2/repository/io/quarkus/http/quarkus-http-http-core/4.1.9/quarkus-http-http-core-4.1.9.jar:/Users/bouhaddisabri/.m2/repository/io/quarkus/http/quarkus-http-core/4.1.9/quarkus-http-core-4.1.9.jar:/Users/bouhaddisabri/.m2/repository/io/quarkus/quarkus-junit5/2.14.3.Final/quarkus-junit5-2.14.3.Final.jar:/Users/bouhaddisabri/.m2/repository/io/quarkus/quarkus-bootstrap-core/2.14.3.Final/quarkus-bootstrap-core-2.14.3.Final.jar:/Users/bouhaddisabri/.m2/repository/io/quarkus/quarkus-bootstrap-app-model/2.14.3.Final/quarkus-bootstrap-app-model-2.14.3.Final.jar:/Users/bouhaddisabri/.m2/repository/io/smallrye/common/smallrye-common-io/1.13.2/smallrye-common-io-1.13.2.jar:/Users/bouhaddisabri/.m2/repository/org/eclipse/sisu/org.eclipse.sisu.inject/0.3.5/org.eclipse.sisu.inject-0.3.5.jar:/Users/bouhaddisabri/.m2/repository/io/quarkus/quarkus-test-common/2.14.3.Final/quarkus-test-common-2.14.3.Final.jar:/Users/bouhaddisabri/.m2/repository/io/quarkus/quarkus-core-deployment/2.14.3.Final/quarkus-core-deployment-2.14.3.Final.jar:/Users/bouhaddisabri/.m2/repository/org/aesh/readline/2.2/readline-2.2.jar:/Users/bouhaddisabri/.m2/repository/org/fusesource/jansi/jansi/1.18/jansi-1.18.jar:/Users/bouhaddisabri/.m2/repository/org/aesh/aesh/2.6/aesh-2.6.jar:/Users/bouhaddisabri/.m2/repository/io/quarkus/gizmo/gizmo/1.4.0.Final/gizmo-1.4.0.Final.jar:/Users/bouhaddisabri/.m2/repository/org/ow2/asm/asm-util/9.4/asm-util-9.4.jar:/Users/bouhaddisabri/.m2/repository/org/ow2/asm/asm-analysis/9.4/asm-analysis-9.4.jar:/Users/bouhaddisabri/.m2/repository/org/ow2/asm/asm-commons/9.4/asm-commons-9.4.jar:/Users/bouhaddisabri/.m2/repository/org/ow2/asm/asm-tree/9.4/asm-tree-9.4.jar:/Users/bouhaddisabri/.m2/repository/io/quarkus/quarkus-class-change-agent/2.14.3.Final/quarkus-class-change-agent-2.14.3.Final.jar:/Users/bouhaddisabri/.m2/repository/io/quarkus/quarkus-devtools-utilities/2.14.3.Final/quarkus-devtools-utilities-2.14.3.Final.jar:/Users/bouhaddisabri/.m2/repository/io/quarkus/quarkus-builder/2.14.3.Final/quarkus-builder-2.14.3.Final.jar:/Users/bouhaddisabri/.m2/repository/org/junit/platform/junit-platform-launcher/1.9.1/junit-platform-launcher-1.9.1.jar:/Users/bouhaddisabri/.m2/repository/io/quarkus/quarkus-bootstrap-maven-resolver/2.14.3.Final/quarkus-bootstrap-maven-resolver-2.14.3.Final.jar:/Users/bouhaddisabri/.m2/repository/org/apache/maven/maven-embedder/3.8.6/maven-embedder-3.8.6.jar:/Users/bouhaddisabri/.m2/repository/org/apache/maven/maven-settings/3.8.6/maven-settings-3.8.6.jar:/Users/bouhaddisabri/.m2/repository/org/apache/maven/maven-core/3.8.6/maven-core-3.8.6.jar:/Users/bouhaddisabri/.m2/repository/org/apache/maven/maven-artifact/3.8.6/maven-artifact-3.8.6.jar:/Users/bouhaddisabri/.m2/repository/org/codehaus/plexus/plexus-component-annotations/2.1.0/plexus-component-annotations-2.1.0.jar:/Users/bouhaddisabri/.m2/repository/org/apache/maven/maven-plugin-api/3.8.6/maven-plugin-api-3.8.6.jar:/Users/bouhaddisabri/.m2/repository/org/apache/maven/maven-model/3.8.6/maven-model-3.8.6.jar:/Users/bouhaddisabri/.m2/repository/org/apache/maven/maven-model-builder/3.8.6/maven-model-builder-3.8.6.jar:/Users/bouhaddisabri/.m2/repository/org/apache/maven/maven-builder-support/3.8.6/maven-builder-support-3.8.6.jar:/Users/bouhaddisabri/.m2/repository/org/apache/maven/resolver/maven-resolver-api/1.6.3/maven-resolver-api-1.6.3.jar:/Users/bouhaddisabri/.m2/repository/org/apache/maven/resolver/maven-resolver-util/1.6.3/maven-resolver-util-1.6.3.jar:/Users/bouhaddisabri/.m2/repository/org/apache/maven/shared/maven-shared-utils/3.3.4/maven-shared-utils-3.3.4.jar:/Users/bouhaddisabri/.m2/repository/com/google/inject/guice/4.2.2/guice-4.2.2-no_aop.jar:/Users/bouhaddisabri/.m2/repository/com/google/guava/guava/31.1-jre/guava-31.1-jre.jar:/Users/bouhaddisabri/.m2/repository/com/google/guava/failureaccess/1.0.1/failureaccess-1.0.1.jar:/Users/bouhaddisabri/.m2/repository/org/codehaus/plexus/plexus-classworlds/2.6.0/plexus-classworlds-2.6.0.jar:/Users/bouhaddisabri/.m2/repository/org/codehaus/plexus/plexus-sec-dispatcher/2.0/plexus-sec-dispatcher-2.0.jar:/Users/bouhaddisabri/.m2/repository/org/codehaus/plexus/plexus-cipher/2.0/plexus-cipher-2.0.jar:/Users/bouhaddisabri/.m2/repository/commons-cli/commons-cli/1.4/commons-cli-1.4.jar:/Users/bouhaddisabri/.m2/repository/org/eclipse/sisu/org.eclipse.sisu.plexus/0.3.5/org.eclipse.sisu.plexus-0.3.5.jar:/Users/bouhaddisabri/.m2/repository/org/apache/maven/maven-settings-builder/3.8.6/maven-settings-builder-3.8.6.jar:/Users/bouhaddisabri/.m2/repository/org/codehaus/plexus/plexus-interpolation/1.26/plexus-interpolation-1.26.jar:/Users/bouhaddisabri/.m2/repository/org/apache/maven/maven-resolver-provider/3.8.6/maven-resolver-provider-3.8.6.jar:/Users/bouhaddisabri/.m2/repository/org/apache/maven/maven-repository-metadata/3.8.6/maven-repository-metadata-3.8.6.jar:/Users/bouhaddisabri/.m2/repository/org/apache/maven/resolver/maven-resolver-spi/1.6.3/maven-resolver-spi-1.6.3.jar:/Users/bouhaddisabri/.m2/repository/org/apache/maven/resolver/maven-resolver-impl/1.6.3/maven-resolver-impl-1.6.3.jar:/Users/bouhaddisabri/.m2/repository/org/codehaus/plexus/plexus-utils/3.3.0/plexus-utils-3.3.0.jar:/Users/bouhaddisabri/.m2/repository/org/apache/maven/resolver/maven-resolver-connector-basic/1.6.3/maven-resolver-connector-basic-1.6.3.jar:/Users/bouhaddisabri/.m2/repository/org/apache/maven/resolver/maven-resolver-transport-wagon/1.6.3/maven-resolver-transport-wagon-1.6.3.jar:/Users/bouhaddisabri/.m2/repository/org/apache/maven/wagon/wagon-http/3.5.1/wagon-http-3.5.1.jar:/Users/bouhaddisabri/.m2/repository/org/apache/maven/wagon/wagon-http-shared/3.5.1/wagon-http-shared-3.5.1.jar:/Users/bouhaddisabri/.m2/repository/org/apache/maven/wagon/wagon-provider-api/3.5.1/wagon-provider-api-3.5.1.jar:/Users/bouhaddisabri/.m2/repository/org/apache/maven/wagon/wagon-file/3.5.1/wagon-file-3.5.1.jar:/Users/bouhaddisabri/.m2/repository/io/quarkus/quarkus-bootstrap-gradle-resolver/2.14.3.Final/quarkus-bootstrap-gradle-resolver-2.14.3.Final.jar:/Users/bouhaddisabri/.m2/repository/org/jboss/logging/commons-logging-jboss-logging/1.0.0.Final/commons-logging-jboss-logging-1.0.0.Final.jar:/Users/bouhaddisabri/.m2/repository/io/quarkus/quarkus-junit5-properties/2.14.3.Final/quarkus-junit5-properties-2.14.3.Final.jar:/Users/bouhaddisabri/.m2/repository/org/junit/jupiter/junit-jupiter/5.9.1/junit-jupiter-5.9.1.jar:/Users/bouhaddisabri/.m2/repository/org/junit/jupiter/junit-jupiter-api/5.9.1/junit-jupiter-api-5.9.1.jar:/Users/bouhaddisabri/.m2/repository/org/opentest4j/opentest4j/1.2.0/opentest4j-1.2.0.jar:/Users/bouhaddisabri/.m2/repository/org/junit/platform/junit-platform-commons/1.9.1/junit-platform-commons-1.9.1.jar:/Users/bouhaddisabri/.m2/repository/org/apiguardian/apiguardian-api/1.1.2/apiguardian-api-1.1.2.jar:/Users/bouhaddisabri/.m2/repository/org/junit/jupiter/junit-jupiter-params/5.9.1/junit-jupiter-params-5.9.1.jar:/Users/bouhaddisabri/.m2/repository/org/junit/jupiter/junit-jupiter-engine/5.9.1/junit-jupiter-engine-5.9.1.jar:/Users/bouhaddisabri/.m2/repository/org/junit/platform/junit-platform-engine/1.9.1/junit-platform-engine-1.9.1.jar:/Users/bouhaddisabri/.m2/repository/com/thoughtworks/xstream/xstream/1.4.19/xstream-1.4.19.jar:/Users/bouhaddisabri/.m2/repository/io/github/x-stream/mxparser/1.2.2/mxparser-1.2.2.jar:/Users/bouhaddisabri/.m2/repository/xmlpull/xmlpull/1.1.3.1/xmlpull-1.1.3.1.jar:/Users/bouhaddisabri/.m2/repository/io/quarkus/quarkus-hibernate-orm-panache/2.14.3.Final/quarkus-hibernate-orm-panache-2.14.3.Final.jar:/Users/bouhaddisabri/.m2/repository/io/quarkus/quarkus-hibernate-orm-panache-common/2.14.3.Final/quarkus-hibernate-orm-panache-common-2.14.3.Final.jar:/Users/bouhaddisabri/.m2/repository/io/quarkus/quarkus-panache-hibernate-common/2.14.3.Final/quarkus-panache-hibernate-common-2.14.3.Final.jar:/Users/bouhaddisabri/.m2/repository/io/quarkus/quarkus-panache-common/2.14.3.Final/quarkus-panache-common-2.14.3.Final.jar:/Users/bouhaddisabri/.m2/repository/io/quarkus/quarkus-resteasy-jsonb/2.14.3.Final/quarkus-resteasy-jsonb-2.14.3.Final.jar:/Users/bouhaddisabri/.m2/repository/io/quarkus/quarkus-jsonb/2.14.3.Final/quarkus-jsonb-2.14.3.Final.jar:/Users/bouhaddisabri/.m2/repository/org/eclipse/yasson/1.0.11/yasson-1.0.11.jar:/Users/bouhaddisabri/.m2/repository/org/jboss/resteasy/resteasy-json-binding-provider/4.7.7.Final/resteasy-json-binding-provider-4.7.7.Final.jar:/Users/bouhaddisabri/.m2/repository/jakarta/json/bind/jakarta.json.bind-api/1.0.2/jakarta.json.bind-api-1.0.2.jar:/Users/bouhaddisabri/.m2/repository/org/jboss/resteasy/resteasy-json-p-provider/4.7.7.Final/resteasy-json-p-provider-4.7.7.Final.jar:/Users/bouhaddisabri/.m2/repository/commons-io/commons-io/2.11.0/commons-io-2.11.0.jar:/Users/bouhaddisabri/.m2/repository/org/projectlombok/lombok/1.18.22/lombok-1.18.22.jar:/Users/bouhaddisabri/.m2/repository/io/quarkus/quarkus-smallrye-health/2.14.3.Final/quarkus-smallrye-health-2.14.3.Final.jar:/Users/bouhaddisabri/.m2/repository/io/smallrye/smallrye-health/3.3.0/smallrye-health-3.3.0.jar:/Users/bouhaddisabri/.m2/repository/org/eclipse/microprofile/health/microprofile-health-api/3.1/microprofile-health-api-3.1.jar:/Users/bouhaddisabri/.m2/repository/io/smallrye/smallrye-health-api/3.3.0/smallrye-health-api-3.3.0.jar:/Users/bouhaddisabri/.m2/repository/io/smallrye/smallrye-health-provided-checks/3.3.0/smallrye-health-provided-checks-3.3.0.jar:/Users/bouhaddisabri/.m2/repository/io/quarkus/quarkus-jsonp/2.14.3.Final/quarkus-jsonp-2.14.3.Final.jar:/Users/bouhaddisabri/.m2/repository/org/glassfish/jakarta.json/1.1.6/jakarta.json-1.1.6.jar:/Users/bouhaddisabri/.m2/repository/io/quarkus/quarkus-micrometer-registry-prometheus/2.14.3.Final/quarkus-micrometer-registry-prometheus-2.14.3.Final.jar:/Users/bouhaddisabri/.m2/repository/io/quarkus/quarkus-micrometer/2.14.3.Final/quarkus-micrometer-2.14.3.Final.jar:/Users/bouhaddisabri/.m2/repository/io/micrometer/micrometer-core/1.9.5/micrometer-core-1.9.5.jar:/Users/bouhaddisabri/.m2/repository/org/hdrhistogram/HdrHistogram/2.1.12/HdrHistogram-2.1.12.jar:/Users/bouhaddisabri/.m2/repository/org/latencyutils/LatencyUtils/2.0.3/LatencyUtils-2.0.3.jar:/Users/bouhaddisabri/.m2/repository/io/micrometer/micrometer-registry-prometheus/1.9.5/micrometer-registry-prometheus-1.9.5.jar:/Users/bouhaddisabri/.m2/repository/io/prometheus/simpleclient_common/0.15.0/simpleclient_common-0.15.0.jar:/Users/bouhaddisabri/.m2/repository/io/prometheus/simpleclient/0.15.0/simpleclient-0.15.0.jar:/Users/bouhaddisabri/.m2/repository/io/prometheus/simpleclient_tracer_otel/0.15.0/simpleclient_tracer_otel-0.15.0.jar:/Users/bouhaddisabri/.m2/repository/io/prometheus/simpleclient_tracer_common/0.15.0/simpleclient_tracer_common-0.15.0.jar:/Users/bouhaddisabri/.m2/repository/io/prometheus/simpleclient_tracer_otel_agent/0.15.0/simpleclient_tracer_otel_agent-0.15.0.jar:/Users/bouhaddisabri/.m2/repository/io/quarkus/quarkus-panache-mock/2.14.3.Final/quarkus-panache-mock-2.14.3.Final.jar:/Users/bouhaddisabri/.m2/repository/io/quarkus/quarkus-panache-common-deployment/2.14.3.Final/quarkus-panache-common-deployment-2.14.3.Final.jar:/Users/bouhaddisabri/.m2/repository/org/ow2/asm/asm/9.4/asm-9.4.jar:/Users/bouhaddisabri/.m2/repository/org/mockito/mockito-core/4.8.1/mockito-core-4.8.1.jar:/Users/bouhaddisabri/.m2/repository/net/bytebuddy/byte-buddy-agent/1.12.16/byte-buddy-agent-1.12.16.jar:/Users/bouhaddisabri/.m2/repository/org/objenesis/objenesis/3.2/objenesis-3.2.jar:/Users/bouhaddisabri/.m2/repository/io/rest-assured/rest-assured/4.5.1/rest-assured-4.5.1.jar:/Users/bouhaddisabri/.m2/repository/org/codehaus/groovy/groovy/3.0.9/groovy-3.0.9.jar:/Users/bouhaddisabri/.m2/repository/org/codehaus/groovy/groovy-xml/3.0.9/groovy-xml-3.0.9.jar:/Users/bouhaddisabri/.m2/repository/org/apache/httpcomponents/httpclient/4.5.13/httpclient-4.5.13.jar:/Users/bouhaddisabri/.m2/repository/org/apache/httpcomponents/httpcore/4.4.15/httpcore-4.4.15.jar:/Users/bouhaddisabri/.m2/repository/commons-codec/commons-codec/1.15/commons-codec-1.15.jar:/Users/bouhaddisabri/.m2/repository/org/apache/httpcomponents/httpmime/4.5.13/httpmime-4.5.13.jar:/Users/bouhaddisabri/.m2/repository/org/hamcrest/hamcrest/2.1/hamcrest-2.1.jar:/Users/bouhaddisabri/.m2/repository/org/ccil/cowan/tagsoup/tagsoup/1.2.1/tagsoup-1.2.1.jar:/Users/bouhaddisabri/.m2/repository/io/rest-assured/json-path/4.5.1/json-path-4.5.1.jar:/Users/bouhaddisabri/.m2/repository/org/codehaus/groovy/groovy-json/3.0.9/groovy-json-3.0.9.jar:/Users/bouhaddisabri/.m2/repository/io/rest-assured/rest-assured-common/4.5.1/rest-assured-common-4.5.1.jar:/Users/bouhaddisabri/.m2/repository/io/rest-assured/xml-path/4.5.1/xml-path-4.5.1.jar:/Users/bouhaddisabri/.m2/repository/org/apache/commons/commons-lang3/3.12.0/commons-lang3-3.12.0.jar:/Users/bouhaddisabri/.m2/repository/org/assertj/assertj-core/3.23.1/assertj-core-3.23.1.jar:/Users/bouhaddisabri/.m2/repository/net/bytebuddy/byte-buddy/1.12.18/byte-buddy-1.12.18.jar:/Users/bouhaddisabri/.m2/repository/io/quarkus/quarkus-junit5-mockito/2.14.3.Final/quarkus-junit5-mockito-2.14.3.Final.jar:/Users/bouhaddisabri/.m2/repository/io/quarkus/quarkus-junit5-mockito-config/2.14.3.Final/quarkus-junit5-mockito-config-2.14.3.Final.jar:/Users/bouhaddisabri/.m2/repository/io/quarkus/quarkus-arc-deployment/2.14.3.Final/quarkus-arc-deployment-2.14.3.Final.jar:/Users/bouhaddisabri/.m2/repository/io/quarkus/quarkus-smallrye-context-propagation-spi/2.14.3.Final/quarkus-smallrye-context-propagation-spi-2.14.3.Final.jar:/Users/bouhaddisabri/.m2/repository/io/quarkus/quarkus-vertx-http-dev-console-spi/2.14.3.Final/quarkus-vertx-http-dev-console-spi-2.14.3.Final.jar:/Users/bouhaddisabri/.m2/repository/io/quarkus/arc/arc-processor/2.14.3.Final/arc-processor-2.14.3.Final.jar:/Users/bouhaddisabri/.m2/repository/io/quarkus/quarkus-test-h2/2.14.3.Final/quarkus-test-h2-2.14.3.Final.jar:"/>
    <property name="sun.cpu.endian" value="little"/>
    <property name="user.home" value="/Users/bouhaddisabri"/>
    <property name="user.language" value="fr"/>
    <property name="jboss.log-version" value="false"/>
    <property name="java.specification.vendor" value="Oracle Corporation"/>
    <property name="io.netty.allocator.maxOrder" value="3"/>
    <property name="java.version.date" value="2022-10-18"/>
    <property name="java.home" value="/Library/Java/JavaVirtualMachines/jdk-17.0.5.jdk/Contents/Home"/>
    <property name="file.separator" value="/"/>
    <property name="style.color" value="always"/>
    <property name="basedir" value="/Users/bouhaddisabri/Work/rpn-calculator-quarkus"/>
    <property name="java.vm.compressedOopsMode" value="Zero based"/>
    <property name="line.separator" value="&#10;"/>
    <property name="java.vm.specification.vendor" value="Oracle Corporation"/>
    <property name="java.specification.name" value="Java Platform API Specification"/>
    <property name="surefire.real.class.path" value="/Users/bouhaddisabri/Work/rpn-calculator-quarkus/target/surefire/surefirebooter-20221211174532633_3.jar"/>
    <property name="sun.management.compiler" value="HotSpot 64-Bit Tiered Compilers"/>
    <property name="ftp.nonProxyHosts" value="local|*.local|169.254/16|*.169.254/16"/>
    <property name="java.runtime.version" value="17.0.5+9-LTS-191"/>
    <property name="user.name" value="bouhaddisabri"/>
    <property name="dev.resteasy.exception.mapper" value="false"/>
    <property name="path.separator" value=":"/>
    <property name="os.version" value="11.7.1"/>
    <property name="java.runtime.name" value="Java(TM) SE Runtime Environment"/>
    <property name="file.encoding" value="UTF-8"/>
    <property name="java.vm.name" value="Java HotSpot(TM) 64-Bit Server VM"/>
    <property name="localRepository" value="/Users/bouhaddisabri/.m2/repository"/>
    <property name="java.vendor.url.bug" value="https://bugreport.java.com/bugreport/"/>
    <property name="java.io.tmpdir" value="/var/folders/7t/9mw14jdn2b11cczfmckrc8h40000gn/T/"/>
    <property name="quarkus.log.file.path" value="target/quarkus.log"/>
    <property name="java.version" value="17.0.5"/>
    <property name="java.util.concurrent.ForkJoinPool.common.threadFactory" value="io.quarkus.bootstrap.forkjoin.QuarkusForkJoinWorkerThreadFactory"/>
    <property name="user.dir" value="/Users/bouhaddisabri/Work/rpn-calculator-quarkus"/>
    <property name="os.arch" value="x86_64"/>
    <property name="hibernate.bytecode.provider" value="none"/>
    <property name="java.vm.specification.name" value="Java Virtual Machine Specification"/>
    <property name="vertx.disableDnsResolver" value="true"/>
    <property name="native.encoding" value="UTF-8"/>
    <property name="java.util.logging.manager" value="org.jboss.logmanager.LogManager"/>
    <property name="java.library.path" value="/Users/bouhaddisabri/Library/Java/Extensions:/Library/Java/Extensions:/Network/Library/Java/Extensions:/System/Library/Java/Extensions:/usr/lib/java:."/>
    <property name="java.vm.info" value="mixed mode, sharing"/>
    <property name="java.vendor" value="Oracle Corporation"/>
    <property name="vertx.disableTCCL" value="true"/>
    <property name="java.vm.version" value="17.0.5+9-LTS-191"/>
    <property name="sun.io.unicode.encoding" value="UnicodeBig"/>
    <property name="io.netty.machineId" value="81:0a:c3:c2:cd:bd:c8:0d"/>
    <property name="socksNonProxyHosts" value="local|*.local|169.254/16|*.169.254/16"/>
    <property name="java.class.version" value="61.0"/>
    <property name="mp.openapi.extensions.smallrye.defaultConsumes" value="application/json"/>
  </properties>
  <testcase name="testRpnStackMocking" classname="com.sbouhaddi.RpnCalculatorResourceTest" time="1.19">
    <system-out><![CDATA[Hibernate: 
    
    drop table if exists RpnStack CASCADE 
Hibernate: 
    
    drop sequence if exists hibernate_sequence
Hibernate: create sequence hibernate_sequence start with 1 increment by 1
Hibernate: 
    
    create table RpnStack (
       id bigint not null,
        stack blob,
        primary key (id)
    )
2022-12-11 17:45:46,672 INFO  [io.quarkus] (main) rpn-calculator 1.0.0-SNAPSHOT on JVM (powered by Quarkus 2.14.3.Final) started in 7.078s. Listening on: http://localhost:8081
2022-12-11 17:45:46,675 INFO  [io.quarkus] (main) Profile test activated. 
2022-12-11 17:45:46,675 INFO  [io.quarkus] (main) Installed features: [agroal, cdi, hibernate-orm, hibernate-orm-panache, hibernate-validator, jdbc-h2, micrometer, narayana-jta, resteasy, resteasy-jsonb, servlet, smallrye-context-propagation, smallrye-health, smallrye-openapi, swagger-ui, vertx]
Hibernate: 
    select
        count(*) as col_0_0_ 
    from
        RpnStack rpnstack0_
]]></system-out>
  </testcase>
</testsuite>